rewards:
step 1; T: 1200; total reward: 172.39; average reward: 172.39 - action: noop; reward: 172.39
step 2; T: 39000; total reward: 246.93; average reward: 123.47 - action: ne; reward: 74.54
step 3; T: 40800; total reward: 304.22; average reward: 101.41 - action: ne; reward: 57.29
step 4; T: 70200; total reward: 1118.99; average reward: 279.75 - action: noop; reward: 814.77
step 5; T: 79800; total reward: 1801.82; average reward: 360.36 - action: noop; reward: 682.83
step 6; T: 91200; total reward: 2386.72; average reward: 397.79 - action: n; reward: 584.90
step 7; T: 120600; total reward: 1303.14; average reward: 186.16 - action: noop; reward: -1083.58
step 8; T: 138000; total reward: 1032.21; average reward: 129.03 - action: ne; reward: -270.93
step 9; T: 144600; total reward: 217.18; average reward: 24.13 - action: n; reward: -815.03
step 10; T: 168000; total reward: -480.88; average reward: -48.09 - action: ne; reward: -698.06
step 11; T: 169800; total reward: -345.54; average reward: -31.41 - action: ne; reward: 135.34
step 12; T: 172800; total reward: -93.15; average reward: -7.76 - action: ne; reward: 252.39
step 13; T: 176400; total reward: -666.25; average reward: -51.25 - action: n; reward: -573.11
step 14; T: 181200; total reward: -1126.59; average reward: -80.47 - action: ne; reward: -460.33
step 15; T: 189600; total reward: -190.78; average reward: -12.72 - action: s; reward: 935.81
step 16; T: 193800; total reward: -630.40; average reward: -39.40 - action: n; reward: -439.62
step 17; T: 222600; total reward: -1144.78; average reward: -67.34 - action: ne; reward: -514.38
step 18; T: 264600; total reward: -668.05; average reward: -37.11 - action: ne; reward: 476.73
step 19; T: 286800; total reward: -1075.08; average reward: -56.58 - action: n; reward: -407.03
step 20; T: 346200; total reward: -1146.95; average reward: -57.35 - action: ne; reward: -71.87
step 21; T: 347400; total reward: -840.22; average reward: -40.01 - action: ne; reward: 306.73
step 22; T: 357000; total reward: -651.67; average reward: -29.62 - action: n; reward: 188.55
step 23; T: 361200; total reward: -43.65; average reward: -1.90 - action: noop; reward: 608.02
step 24; T: 388200; total reward: 133.77; average reward: 5.57 - action: n; reward: 177.43
step 25; T: 395400; total reward: 227.65; average reward: 9.11 - action: n; reward: 93.87
step 26; T: 414000; total reward: 311.32; average reward: 11.97 - action: noop; reward: 83.67
step 27; T: 415200; total reward: 1015.19; average reward: 37.60 - action: ne; reward: 703.87
step 28; T: 422400; total reward: 454.49; average reward: 16.23 - action: ne; reward: -560.71
step 29; T: 432000; total reward: 1707.10; average reward: 58.87 - action: noop; reward: 1252.61
step 30; T: 459000; total reward: 2184.62; average reward: 72.82 - action: ne; reward: 477.52
step 31; T: 464400; total reward: 1412.69; average reward: 45.57 - action: e; reward: -771.92
step 32; T: 476400; total reward: 98.18; average reward: 3.07 - action: n; reward: -1314.52
step 33; T: 501600; total reward: -1264.91; average reward: -38.33 - action: n; reward: -1363.09
step 34; T: 508800; total reward: -1750.45; average reward: -51.48 - action: noop; reward: -485.54
step 35; T: 513000; total reward: -2794.47; average reward: -79.84 - action: ne; reward: -1044.02
step 36; T: 526200; total reward: -3240.31; average reward: -90.01 - action: ne; reward: -445.84
step 37; T: 527400; total reward: -2450.00; average reward: -66.22 - action: ne; reward: 790.31
step 38; T: 531600; total reward: -2959.43; average reward: -77.88 - action: noop; reward: -509.42
step 39; T: 548400; total reward: -3235.05; average reward: -82.95 - action: noop; reward: -275.62
step 40; T: 556200; total reward: -2523.10; average reward: -63.08 - action: ne; reward: 711.94
step 41; T: 585600; total reward: -1966.59; average reward: -47.97 - action: noop; reward: 556.52
step 42; T: 591000; total reward: -2522.42; average reward: -60.06 - action: ne; reward: -555.83
step 43; T: 618600; total reward: -3641.01; average reward: -84.67 - action: n; reward: -1118.58
step 44; T: 681000; total reward: -3483.34; average reward: -79.17 - action: noop; reward: 157.67
step 45; T: 705600; total reward: -2128.25; average reward: -47.29 - action: noop; reward: 1355.09
step 46; T: 709200; total reward: -3032.99; average reward: -65.93 - action: noop; reward: -904.73
step 47; T: 712800; total reward: -3213.23; average reward: -68.37 - action: n; reward: -180.25
step 48; T: 717000; total reward: -3060.80; average reward: -63.77 - action: n; reward: 152.43
step 50; T: 729000; total reward: -2344.79; average reward: -47.85 - action: n; reward: 716.01
step 51; T: 733200; total reward: -2262.71; average reward: -45.25 - action: n; reward: 82.08
step 52; T: 745200; total reward: -1702.43; average reward: -33.38 - action: ne; reward: 560.28
step 53; T: 750000; total reward: -1315.08; average reward: -25.29 - action: ne; reward: 387.35
step 54; T: 758400; total reward: -733.48; average reward: -13.84 - action: n; reward: 581.60
step 55; T: 769200; total reward: -1628.12; average reward: -30.15 - action: noop; reward: -894.63
step 56; T: 816000; total reward: -2402.71; average reward: -43.69 - action: noop; reward: -774.60
step 57; T: 819000; total reward: -3458.74; average reward: -61.76 - action: noop; reward: -1056.03
step 58; T: 831000; total reward: -4088.25; average reward: -71.72 - action: ne; reward: -629.51
step 59; T: 832200; total reward: -2267.13; average reward: -39.09 - action: ne; reward: 1821.12
step 60; T: 835800; total reward: -798.25; average reward: -13.53 - action: noop; reward: 1468.88
