rewards:
step 3; T: 4800; total reward: 2050.00; average reward: 2050.00 - action: s; reward: 2050.00
step 4; T: 9000; total reward: 4606.29; average reward: 2303.15 - action: sw; reward: 2556.29
step 6; T: 36000; total reward: 6706.31; average reward: 2235.44 - action: s; reward: 2100.01
step 7; T: 51000; total reward: 6771.63; average reward: 1692.91 - action: s; reward: 65.33
step 8; T: 87000; total reward: 7779.22; average reward: 1555.84 - action: s; reward: 1007.58
step 9; T: 90000; total reward: 8734.09; average reward: 1455.68 - action: s; reward: 954.87
step 10; T: 96600; total reward: 10304.22; average reward: 1472.03 - action: sw; reward: 1570.13
step 11; T: 101400; total reward: 9797.60; average reward: 1224.70 - action: s; reward: -506.63
step 12; T: 103800; total reward: 10062.77; average reward: 1118.09 - action: s; reward: 265.17
step 13; T: 118200; total reward: 11200.29; average reward: 1120.03 - action: sw; reward: 1137.52
step 14; T: 121200; total reward: 13236.24; average reward: 1203.29 - action: s; reward: 2035.95
step 15; T: 130200; total reward: 13921.89; average reward: 1160.16 - action: s; reward: 685.65
step 16; T: 133200; total reward: 15419.80; average reward: 1186.14 - action: sw; reward: 1497.91
step 17; T: 138000; total reward: 16337.45; average reward: 1166.96 - action: s; reward: 917.65
step 18; T: 155400; total reward: 16809.15; average reward: 1120.61 - action: w; reward: 471.70
step 19; T: 156600; total reward: 18195.23; average reward: 1137.20 - action: sw; reward: 1386.09
step 21; T: 160800; total reward: 20245.23; average reward: 1190.90 - action: s; reward: 2050.00
step 22; T: 162600; total reward: 22997.31; average reward: 1277.63 - action: s; reward: 2752.08
step 23; T: 165600; total reward: 25464.43; average reward: 1340.23 - action: s; reward: 2467.12
step 24; T: 168600; total reward: 26535.41; average reward: 1326.77 - action: s; reward: 1070.99
step 25; T: 169800; total reward: 27347.06; average reward: 1302.24 - action: sw; reward: 811.65
step 26; T: 177600; total reward: 28985.80; average reward: 1317.54 - action: s; reward: 1638.74
step 27; T: 183600; total reward: 29251.39; average reward: 1271.80 - action: s; reward: 265.59
step 28; T: 196200; total reward: 30370.41; average reward: 1265.43 - action: s; reward: 1119.02
step 30; T: 202200; total reward: 32318.39; average reward: 1292.74 - action: s; reward: 1947.98
step 31; T: 267000; total reward: 33168.11; average reward: 1275.70 - action: s; reward: 849.71
step 32; T: 268800; total reward: 33877.68; average reward: 1254.73 - action: sw; reward: 709.58
step 33; T: 274800; total reward: 35360.76; average reward: 1262.88 - action: s; reward: 1483.08
step 35; T: 280800; total reward: 37310.76; average reward: 1286.58 - action: s; reward: 1950.00
step 36; T: 283200; total reward: 37012.09; average reward: 1233.74 - action: s; reward: -298.67
step 37; T: 289200; total reward: 36635.13; average reward: 1181.78 - action: sw; reward: -376.95
step 39; T: 314400; total reward: 39018.38; average reward: 1219.32 - action: s; reward: 2383.25
step 40; T: 342000; total reward: 39725.58; average reward: 1203.81 - action: sw; reward: 707.20
step 41; T: 366000; total reward: 40702.74; average reward: 1197.14 - action: sw; reward: 977.16
step 42; T: 415800; total reward: 42098.68; average reward: 1202.82 - action: sw; reward: 1395.94
step 43; T: 432000; total reward: 42114.20; average reward: 1169.84 - action: s; reward: 15.52
