rewards:
step 2; T: 8400; total reward: 841.82; average reward: 841.82 - action: nw; reward: 841.82
step 3; T: 13800; total reward: 1862.56; average reward: 931.28 - action: nw; reward: 1020.74
step 4; T: 15000; total reward: 2072.42; average reward: 690.81 - action: nw; reward: 209.85
step 5; T: 47400; total reward: 3175.56; average reward: 793.89 - action: nw; reward: 1103.15
step 6; T: 48600; total reward: 3621.26; average reward: 724.25 - action: nw; reward: 445.70
step 7; T: 49200; total reward: 3878.71; average reward: 646.45 - action: nw; reward: 257.44
step 8; T: 52800; total reward: 5293.76; average reward: 756.25 - action: nw; reward: 1415.05
step 9; T: 57600; total reward: 5752.61; average reward: 719.08 - action: nw; reward: 458.85
step 10; T: 72000; total reward: 4939.00; average reward: 548.78 - action: nw; reward: -813.61
step 13; T: 78600; total reward: 5669.00; average reward: 566.90 - action: nw; reward: 730.00
step 14; T: 87600; total reward: 5727.73; average reward: 520.70 - action: nw; reward: 58.74
step 15; T: 116400; total reward: 5807.52; average reward: 483.96 - action: nw; reward: 79.78
step 16; T: 118200; total reward: 6126.63; average reward: 471.28 - action: nw; reward: 319.11
step 17; T: 121800; total reward: 6722.36; average reward: 480.17 - action: nw; reward: 595.73
step 18; T: 145800; total reward: 7182.60; average reward: 478.84 - action: nw; reward: 460.23
step 19; T: 165000; total reward: 7318.84; average reward: 457.43 - action: nw; reward: 136.24
step 21; T: 191400; total reward: 8370.59; average reward: 492.39 - action: e; reward: 1051.75
step 23; T: 213000; total reward: 8980.57; average reward: 498.92 - action: nw; reward: 609.99
step 24; T: 240000; total reward: 9618.31; average reward: 506.23 - action: ne; reward: 637.74
step 25; T: 247800; total reward: 9899.15; average reward: 494.96 - action: nw; reward: 280.84
step 26; T: 248400; total reward: 10203.56; average reward: 485.88 - action: nw; reward: 304.41
step 27; T: 305400; total reward: 9718.16; average reward: 441.73 - action: nw; reward: -485.41
step 28; T: 313200; total reward: 10216.24; average reward: 444.18 - action: nw; reward: 498.08
step 29; T: 342600; total reward: 10935.46; average reward: 455.64 - action: nw; reward: 719.22
step 30; T: 351600; total reward: 11314.78; average reward: 452.59 - action: nw; reward: 379.33
step 31; T: 359400; total reward: 11386.04; average reward: 437.92 - action: nw; reward: 71.25
step 32; T: 361800; total reward: 11527.20; average reward: 426.93 - action: nw; reward: 141.16
step 33; T: 366000; total reward: 11773.04; average reward: 420.47 - action: nw; reward: 245.84
step 34; T: 403800; total reward: 12114.51; average reward: 417.74 - action: nw; reward: 341.47
step 36; T: 412200; total reward: 12784.51; average reward: 426.15 - action: nw; reward: 670.00
step 38; T: 418800; total reward: 13434.49; average reward: 433.37 - action: nw; reward: 649.99
step 39; T: 442800; total reward: 12841.39; average reward: 401.29 - action: nw; reward: -593.11
step 40; T: 460800; total reward: 13915.61; average reward: 421.69 - action: nw; reward: 1074.23
step 41; T: 478800; total reward: 13691.22; average reward: 402.68 - action: nw; reward: -224.39
step 42; T: 530400; total reward: 13341.71; average reward: 381.19 - action: nw; reward: -349.52
step 43; T: 549600; total reward: 14187.10; average reward: 394.09 - action: nw; reward: 845.39
step 44; T: 559200; total reward: 15019.85; average reward: 405.94 - action: nw; reward: 832.75
step 45; T: 589800; total reward: 13607.86; average reward: 358.10 - action: nw; reward: -1411.99
step 46; T: 591000; total reward: 13675.86; average reward: 350.66 - action: nw; reward: 68.00
step 47; T: 602400; total reward: 13590.89; average reward: 339.77 - action: nw; reward: -84.97
step 48; T: 607200; total reward: 12323.86; average reward: 300.58 - action: nw; reward: -1267.03
step 49; T: 616200; total reward: 11811.17; average reward: 281.22 - action: nw; reward: -512.69
step 50; T: 621600; total reward: 12220.16; average reward: 284.19 - action: nw; reward: 408.99
step 51; T: 631800; total reward: 12839.00; average reward: 291.80 - action: nw; reward: 618.85
step 52; T: 657000; total reward: 13487.89; average reward: 299.73 - action: nw; reward: 648.88
step 53; T: 673200; total reward: 13688.83; average reward: 297.58 - action: nw; reward: 200.94
step 54; T: 694200; total reward: 12093.45; average reward: 257.31 - action: nw; reward: -1595.38
step 55; T: 720000; total reward: 12465.72; average reward: 259.70 - action: nw; reward: 372.27
step 56; T: 722400; total reward: 13693.79; average reward: 279.47 - action: nw; reward: 1228.07
step 57; T: 733200; total reward: 12999.87; average reward: 260.00 - action: nw; reward: -693.92
step 58; T: 750600; total reward: 12897.09; average reward: 252.88 - action: nw; reward: -102.78
step 59; T: 755400; total reward: 13300.84; average reward: 255.79 - action: nw; reward: 403.75
step 60; T: 756000; total reward: 13344.57; average reward: 251.78 - action: nw; reward: 43.73
step 61; T: 767400; total reward: 14532.45; average reward: 269.12 - action: nw; reward: 1187.87
step 62; T: 775200; total reward: 14695.14; average reward: 267.18 - action: w; reward: 162.70
step 63; T: 810000; total reward: 13018.01; average reward: 232.46 - action: nw; reward: -1677.13
step 65; T: 820800; total reward: 13609.59; average reward: 238.76 - action: nw; reward: 591.58
step 66; T: 851400; total reward: 12457.59; average reward: 214.79 - action: nw; reward: -1152.00
step 67; T: 870600; total reward: 12394.98; average reward: 210.08 - action: nw; reward: -62.62
step 68; T: 876600; total reward: 12806.65; average reward: 213.44 - action: nw; reward: 411.68
step 69; T: 887400; total reward: 12205.81; average reward: 200.10 - action: nw; reward: -600.85
step 70; T: 892200; total reward: 12800.11; average reward: 206.45 - action: ne; reward: 594.31
step 71; T: 899400; total reward: 11117.63; average reward: 176.47 - action: nw; reward: -1682.48
step 72; T: 909000; total reward: 10932.35; average reward: 170.82 - action: nw; reward: -185.28
step 73; T: 913200; total reward: 9656.89; average reward: 148.57 - action: w; reward: -1275.46
step 74; T: 921000; total reward: 9112.79; average reward: 138.07 - action: nw; reward: -544.09
step 75; T: 929400; total reward: 9399.78; average reward: 140.30 - action: nw; reward: 286.98
step 77; T: 942600; total reward: 10524.53; average reward: 154.77 - action: e; reward: 1124.75
step 78; T: 949200; total reward: 10295.92; average reward: 149.22 - action: nw; reward: -228.61
step 79; T: 958200; total reward: 8791.35; average reward: 125.59 - action: nw; reward: -1504.57
step 80; T: 972000; total reward: 8991.69; average reward: 126.64 - action: nw; reward: 200.34
step 81; T: 973800; total reward: 9849.47; average reward: 136.80 - action: nw; reward: 857.78
step 82; T: 1017000; total reward: 10285.55; average reward: 140.90 - action: nw; reward: 436.08
step 83; T: 1018800; total reward: 11251.06; average reward: 152.04 - action: nw; reward: 965.51
step 84; T: 1021800; total reward: 12063.71; average reward: 160.85 - action: e; reward: 812.65
step 85; T: 1062600; total reward: 12589.88; average reward: 165.66 - action: n; reward: 526.17
step 86; T: 1065600; total reward: 12428.87; average reward: 161.41 - action: nw; reward: -161.01
step 87; T: 1129800; total reward: 13135.47; average reward: 168.40 - action: nw; reward: 706.60
step 88; T: 1130400; total reward: 13552.06; average reward: 171.55 - action: nw; reward: 416.60
step 89; T: 1162200; total reward: 13380.43; average reward: 167.26 - action: sw; reward: -171.64
step 90; T: 1170000; total reward: 11947.58; average reward: 147.50 - action: nw; reward: -1432.85
step 91; T: 1195200; total reward: 11481.63; average reward: 140.02 - action: nw; reward: -465.95
step 92; T: 1227000; total reward: 12011.59; average reward: 144.72 - action: nw; reward: 529.97
step 93; T: 1255200; total reward: 12539.08; average reward: 149.27 - action: nw; reward: 527.49
step 95; T: 1273200; total reward: 13229.04; average reward: 155.64 - action: nw; reward: 689.96
step 96; T: 1321800; total reward: 12775.71; average reward: 148.55 - action: nw; reward: -453.33
step 98; T: 1341000; total reward: 13685.71; average reward: 157.31 - action: nw; reward: 910.00
step 99; T: 1363800; total reward: 14279.94; average reward: 162.27 - action: nw; reward: 594.23
step 100; T: 1368000; total reward: 14379.64; average reward: 161.57 - action: nw; reward: 99.69
step 102; T: 1375800; total reward: 15229.67; average reward: 169.22 - action: nw; reward: 850.03
step 104; T: 1414200; total reward: 15999.66; average reward: 175.82 - action: nw; reward: 769.99
step 105; T: 1418400; total reward: 16038.93; average reward: 174.34 - action: nw; reward: 39.27
step 106; T: 1423200; total reward: 16702.88; average reward: 179.60 - action: ne; reward: 663.95
step 107; T: 1428600; total reward: 16625.67; average reward: 176.87 - action: nw; reward: -77.21
